<?xml version="1.0" encoding="UTF-8"?>
<!-- Generated by org.testng.reporters.JUnitXMLReporter -->
<testsuite hostname="DESK0092" ignored="49" name="Test" tests="1" failures="0" timestamp="2020-03-09T13:29:07 IST" time="281.828" errors="0">
  <testcase name="Smoketc040_clearWorkSpace on [unknown locator]" time="264.439" classname="com.navatar.scripts.SmokeTestCase"/>
  <testcase name="Smoketc037_checkLinkOnCommitmentPage" time="0.0" classname="com.navatar.scripts.SmokeTestCase">
    <ignored/>
  </testcase> <!-- Smoketc037_checkLinkOnCommitmentPage -->
  <testcase name="Smoketc038_1_resetpasswordFromContactPage" time="0.0" classname="com.navatar.scripts.SmokeTestCase">
    <ignored/>
  </testcase> <!-- Smoketc038_1_resetpasswordFromContactPage -->
  <testcase name="Smoketc004_createPreconditionData" time="0.0" classname="com.navatar.scripts.SmokeTestCase">
    <ignored/>
  </testcase> <!-- Smoketc004_createPreconditionData -->
  <testcase name="Smoketc002_3_user1CompleteRegistration" time="0.0" classname="com.navatar.scripts.SmokeTestCase">
    <ignored/>
  </testcase> <!-- Smoketc002_3_user1CompleteRegistration -->
  <testcase name="Smoketc035_checkLinkOnInstitutionPage" time="0.0" classname="com.navatar.scripts.SmokeTestCase">
    <ignored/>
  </testcase> <!-- Smoketc035_checkLinkOnInstitutionPage -->
  <testcase name="Smoketc003_3_user2CompleteRegsitration" time="0.0" classname="com.navatar.scripts.SmokeTestCase">
    <ignored/>
  </testcase> <!-- Smoketc003_3_user2CompleteRegsitration -->
  <testcase name="Smoketc025_inviteContactAndSendEmailToContact" time="0.0" classname="com.navatar.scripts.SmokeTestCase">
    <ignored/>
  </testcase> <!-- Smoketc025_inviteContactAndSendEmailToContact -->
  <testcase name="Smoketc002_1_CreateCRMUser1InstallPackageAndThenCreatePassword" time="0.0" classname="com.navatar.scripts.SmokeTestCase">
    <ignored/>
  </testcase> <!-- Smoketc002_1_CreateCRMUser1InstallPackageAndThenCreatePassword -->
  <testcase name="Smoketc008_addRenameAndDeleteFolderFromManageFolder" time="0.0" classname="com.navatar.scripts.SmokeTestCase">
    <ignored/>
  </testcase> <!-- Smoketc008_addRenameAndDeleteFolderFromManageFolder -->
  <testcase name="Smoketc009_addRemoveRenameInvestorFromManageInvestor" time="0.0" classname="com.navatar.scripts.SmokeTestCase">
    <ignored/>
  </testcase> <!-- Smoketc009_addRemoveRenameInvestorFromManageInvestor -->
  <testcase name="Smoketc026_addRenameAndDeleteFolderFromManageFolder" time="0.0" classname="com.navatar.scripts.SmokeTestCase">
    <ignored/>
  </testcase> <!-- Smoketc026_addRenameAndDeleteFolderFromManageFolder -->
  <testcase name="Smoketc006_inviteContactAndSendEmailToContact" time="0.0" classname="com.navatar.scripts.SmokeTestCase">
    <ignored/>
  </testcase> <!-- Smoketc006_inviteContactAndSendEmailToContact -->
  <testcase name="Smoketc010_uploadDocumentCRMSide" time="0.0" classname="com.navatar.scripts.SmokeTestCase">
    <ignored/>
  </testcase> <!-- Smoketc010_uploadDocumentCRMSide -->
  <testcase name="Smoketc019_checkLinksOnNIMPage" time="0.0" classname="com.navatar.scripts.SmokeTestCase">
    <ignored/>
  </testcase> <!-- Smoketc019_checkLinksOnNIMPage -->
  <testcase name="Smoketc039_2_checkFirmNameAfterCloseWorkSpace" time="0.0" classname="com.navatar.scripts.SmokeTestCase">
    <ignored/>
  </testcase> <!-- Smoketc039_2_checkFirmNameAfterCloseWorkSpace -->
  <testcase name="Smoketc016_checkLinksOnFundDetailsPage" time="0.0" classname="com.navatar.scripts.SmokeTestCase">
    <ignored/>
  </testcase> <!-- Smoketc016_checkLinksOnFundDetailsPage -->
  <testcase name="Smoketc023_2_VerifySendingResetPasswordAndChangePassword" time="0.0" classname="com.navatar.scripts.SmokeTestCase">
    <ignored/>
  </testcase> <!-- Smoketc023_2_VerifySendingResetPasswordAndChangePassword -->
  <testcase name="Smoketc024_buildINWorkSpaceAndProvideContactAccess" time="0.0" classname="com.navatar.scripts.SmokeTestCase">
    <ignored/>
  </testcase> <!-- Smoketc024_buildINWorkSpaceAndProvideContactAccess -->
  <testcase name="Smoketc032_updateprofileAndFirmProfileInvestorSide" time="0.0" classname="com.navatar.scripts.SmokeTestCase">
    <ignored/>
  </testcase> <!-- Smoketc032_updateprofileAndFirmProfileInvestorSide -->
  <testcase name="Smoketc007_activateManageApprovalWatermarkingSettingAndUpdateProfilesInfo" time="0.0" classname="com.navatar.scripts.SmokeTestCase">
    <ignored/>
  </testcase> <!-- Smoketc007_activateManageApprovalWatermarkingSettingAndUpdateProfilesInfo -->
  <testcase name="Smoketc002_2_provideAccesstoUser1" time="0.0" classname="com.navatar.scripts.SmokeTestCase">
    <ignored/>
  </testcase> <!-- Smoketc002_2_provideAccesstoUser1 -->
  <testcase name="Smoketc003_2_provideAccesstoUser2" time="0.0" classname="com.navatar.scripts.SmokeTestCase">
    <ignored/>
  </testcase> <!-- Smoketc003_2_provideAccesstoUser2 -->
  <testcase name="Smoketc027_addRemoveRenameInvestorFromManageInvestor" time="0.0" classname="com.navatar.scripts.SmokeTestCase">
    <ignored/>
  </testcase> <!-- Smoketc027_addRemoveRenameInvestorFromManageInvestor -->
  <testcase name="Smoketc012_1_approvePendingDocumentAndCheckUI" time="0.0" classname="com.navatar.scripts.SmokeTestCase">
    <ignored/>
  </testcase> <!-- Smoketc012_1_approvePendingDocumentAndCheckUI -->
  <testcase name="Smoketc022_checkLinkInvestorLoginPage" time="0.0" classname="com.navatar.scripts.SmokeTestCase">
    <ignored/>
  </testcase> <!-- Smoketc022_checkLinkInvestorLoginPage -->
  <testcase name="Smoketc034_checkLinksOnContactDetailsPage" time="0.0" classname="com.navatar.scripts.SmokeTestCase">
    <ignored/>
  </testcase> <!-- Smoketc034_checkLinksOnContactDetailsPage -->
  <testcase name="Smoketc012_2_updateDocumentCRMSideAndCheckDuplicatePopUp" time="0.0" classname="com.navatar.scripts.SmokeTestCase">
    <ignored/>
  </testcase> <!-- Smoketc012_2_updateDocumentCRMSideAndCheckDuplicatePopUp -->
  <testcase name="Smoketc018_checkLinkOnInstitutionPage" time="0.0" classname="com.navatar.scripts.SmokeTestCase">
    <ignored/>
  </testcase> <!-- Smoketc018_checkLinkOnInstitutionPage -->
  <testcase name="Smoketc023_1_SendForgotPasswordEmailToInvestor" time="0.0" classname="com.navatar.scripts.SmokeTestCase">
    <ignored/>
  </testcase> <!-- Smoketc023_1_SendForgotPasswordEmailToInvestor -->
  <testcase name="Smoketc028_uploadDocumentCRMSide" time="0.0" classname="com.navatar.scripts.SmokeTestCase">
    <ignored/>
  </testcase> <!-- Smoketc028_uploadDocumentCRMSide -->
  <testcase name="Smoketc036_checkLinkOnLPPage" time="0.0" classname="com.navatar.scripts.SmokeTestCase">
    <ignored/>
  </testcase> <!-- Smoketc036_checkLinkOnLPPage -->
  <testcase name="Smoketc001_1_CreateCRMUser3" time="0.0" classname="com.navatar.scripts.SmokeTestCase">
    <ignored/>
  </testcase> <!-- Smoketc001_1_CreateCRMUser3 -->
  <testcase name="Smoketc039_1_closeWorkSpace" time="0.0" classname="com.navatar.scripts.SmokeTestCase">
    <ignored/>
  </testcase> <!-- Smoketc039_1_closeWorkSpace -->
  <testcase name="Smoketc015_checkLinksOnHomePageAlert" time="0.0" classname="com.navatar.scripts.SmokeTestCase">
    <ignored/>
  </testcase> <!-- Smoketc015_checkLinksOnHomePageAlert -->
  <testcase name="Smoketc005_1_buildFRWorkSpaceAndProvideContactAccess" time="0.0" classname="com.navatar.scripts.SmokeTestCase">
    <ignored/>
  </testcase> <!-- Smoketc005_1_buildFRWorkSpaceAndProvideContactAccess -->
  <testcase name="Smoketc033_checkLinksOnFundDetailsPage" time="0.0" classname="com.navatar.scripts.SmokeTestCase">
    <ignored/>
  </testcase> <!-- Smoketc033_checkLinksOnFundDetailsPage -->
  <testcase name="Smoketc013_registerInvestorAndCheckFolder" time="0.0" classname="com.navatar.scripts.SmokeTestCase">
    <ignored/>
  </testcase> <!-- Smoketc013_registerInvestorAndCheckFolder -->
  <testcase name="Smoketc029_importOnlineDocument" time="0.0" classname="com.navatar.scripts.SmokeTestCase">
    <ignored/>
  </testcase> <!-- Smoketc029_importOnlineDocument -->
  <testcase name="Smoketc030_2_updateDocumentCRMSideAndCheckDuplicatePopUp" time="0.0" classname="com.navatar.scripts.SmokeTestCase">
    <ignored/>
  </testcase> <!-- Smoketc030_2_updateDocumentCRMSideAndCheckDuplicatePopUp -->
  <testcase name="Smoketc030_1_approvePendingDocumentAndCheckUI" time="0.0" classname="com.navatar.scripts.SmokeTestCase">
    <ignored/>
  </testcase> <!-- Smoketc030_1_approvePendingDocumentAndCheckUI -->
  <testcase name="Smoketc011_importOnlineDocument" time="0.0" classname="com.navatar.scripts.SmokeTestCase">
    <ignored/>
  </testcase> <!-- Smoketc011_importOnlineDocument -->
  <testcase name="Smoketc001_2_SuperAdminRegistration" time="0.0" classname="com.navatar.scripts.SmokeTestCase">
    <ignored/>
  </testcase> <!-- Smoketc001_2_SuperAdminRegistration -->
  <testcase name="Smoketc038_2_VerifySendingResetPasswordAndChangePassword" time="0.0" classname="com.navatar.scripts.SmokeTestCase">
    <ignored/>
  </testcase> <!-- Smoketc038_2_VerifySendingResetPasswordAndChangePassword -->
  <testcase name="Smoketc031_registerInvestorAndCheckFolder" time="0.0" classname="com.navatar.scripts.SmokeTestCase">
    <ignored/>
  </testcase> <!-- Smoketc031_registerInvestorAndCheckFolder -->
  <testcase name="Smoketc017_checkLinksOnContactDetailsPage" time="0.0" classname="com.navatar.scripts.SmokeTestCase">
    <ignored/>
  </testcase> <!-- Smoketc017_checkLinksOnContactDetailsPage -->
  <testcase name="Smoketc003_1_CreateCRMUser2InstallPackageAndThenCreatePassword" time="0.0" classname="com.navatar.scripts.SmokeTestCase">
    <ignored/>
  </testcase> <!-- Smoketc003_1_CreateCRMUser2InstallPackageAndThenCreatePassword -->
  <testcase name="Smoketc020_checkLinksOnAllFirmsPage" time="0.0" classname="com.navatar.scripts.SmokeTestCase">
    <ignored/>
  </testcase> <!-- Smoketc020_checkLinksOnAllFirmsPage -->
  <testcase name="Smoketc014_updateprofileAndFirmProfileInvestorSide" time="0.0" classname="com.navatar.scripts.SmokeTestCase">
    <ignored/>
  </testcase> <!-- Smoketc014_updateprofileAndFirmProfileInvestorSide -->
  <testcase name="Smoketc021_checkLinksOnAllDocumentsAndRecentActivitiesGrid" time="0.0" classname="com.navatar.scripts.SmokeTestCase">
    <ignored/>
  </testcase> <!-- Smoketc021_checkLinksOnAllDocumentsAndRecentActivitiesGrid -->
</testsuite> <!-- Test -->
